[main] |-|INFO |-|2020-07-15T16:20:18.776+08:00 |-|c.z.p.f.FeiqiuApplication[55] |-|Starting FeiqiuApplication on zhiyuandeMacBook-Pro.local with PID 26557 (/Users/zhiyuan/Documents/work/github/feiqiu/target/classes started by zhiyuan in /Users/zhiyuan/Documents/work/github/feiqiu) |-|
[main] |-|INFO |-|2020-07-15T16:20:18.778+08:00 |-|c.z.p.f.FeiqiuApplication[651] |-|No active profile set, falling back to default profiles: default |-|
[main] |-|INFO |-|2020-07-15T16:20:19.391+08:00 |-|o.q.i.StdSchedulerFactory[1220] |-|Using default implementation for ThreadExecutor |-|
[main] |-|INFO |-|2020-07-15T16:20:19.402+08:00 |-|o.q.c.SchedulerSignalerImpl[61] |-|Initialized Scheduler Signaller of type: class org.quartz.core.SchedulerSignalerImpl |-|
[main] |-|INFO |-|2020-07-15T16:20:19.402+08:00 |-|o.q.c.QuartzScheduler[229] |-|Quartz Scheduler v.2.3.2 created. |-|
[main] |-|INFO |-|2020-07-15T16:20:19.403+08:00 |-|o.q.s.RAMJobStore[155] |-|RAMJobStore initialized. |-|
[main] |-|INFO |-|2020-07-15T16:20:19.403+08:00 |-|o.q.c.QuartzScheduler[294] |-|Scheduler meta-data: Quartz Scheduler (v2.3.2) 'quartzScheduler' with instanceId 'NON_CLUSTERED'
  Scheduler class: 'org.quartz.core.QuartzScheduler' - running locally.
  NOT STARTED.
  Currently in standby mode.
  Number of jobs executed: 0
  Using thread pool 'org.quartz.simpl.SimpleThreadPool' - with 10 threads.
  Using job-store 'org.quartz.simpl.RAMJobStore' - which does not support persistence. and is not clustered.
 |-|
[main] |-|INFO |-|2020-07-15T16:20:19.403+08:00 |-|o.q.i.StdSchedulerFactory[1374] |-|Quartz scheduler 'quartzScheduler' initialized from an externally provided properties instance. |-|
[main] |-|INFO |-|2020-07-15T16:20:19.404+08:00 |-|o.q.i.StdSchedulerFactory[1378] |-|Quartz scheduler version: 2.3.2 |-|
[main] |-|INFO |-|2020-07-15T16:20:19.404+08:00 |-|o.q.c.QuartzScheduler[2293] |-|JobFactory set to: org.springframework.scheduling.quartz.SpringBeanJobFactory@8dbfffb |-|
[main] |-|INFO |-|2020-07-15T16:20:19.431+08:00 |-|o.s.s.q.SchedulerFactoryBean[727] |-|Starting Quartz Scheduler now |-|
[main] |-|INFO |-|2020-07-15T16:20:19.432+08:00 |-|o.q.c.QuartzScheduler[547] |-|Scheduler quartzScheduler_$_NON_CLUSTERED started. |-|
[main] |-|INFO |-|2020-07-15T16:20:19.441+08:00 |-|c.z.p.f.FeiqiuApplication[61] |-|Started FeiqiuApplication in 1.274 seconds (JVM running for 2.469) |-|
[SpringContextShutdownHook] |-|INFO |-|2020-07-15T16:23:54.848+08:00 |-|o.q.c.QuartzScheduler[585] |-|Scheduler quartzScheduler_$_NON_CLUSTERED paused. |-|
[SpringContextShutdownHook] |-|INFO |-|2020-07-15T16:23:54.849+08:00 |-|o.s.s.q.SchedulerFactoryBean[845] |-|Shutting down Quartz Scheduler |-|
[SpringContextShutdownHook] |-|INFO |-|2020-07-15T16:23:54.849+08:00 |-|o.q.c.QuartzScheduler[666] |-|Scheduler quartzScheduler_$_NON_CLUSTERED shutting down. |-|
[SpringContextShutdownHook] |-|INFO |-|2020-07-15T16:23:54.849+08:00 |-|o.q.c.QuartzScheduler[585] |-|Scheduler quartzScheduler_$_NON_CLUSTERED paused. |-|
[SpringContextShutdownHook] |-|INFO |-|2020-07-15T16:23:54.851+08:00 |-|o.q.c.QuartzScheduler[740] |-|Scheduler quartzScheduler_$_NON_CLUSTERED shutdown complete. |-|
